Removed Pin From Net: NetName=GND Pin=J1-1
Removed Pin From Net: NetName=GPIO9 Pin=J1-2
Removed Pin From Net: NetName=GPIO8 Pin=J1-3
Removed Pin From Net: NetName=GPIO7 Pin=J1-4
Removed Pin From Net: NetName=GPIO5 Pin=J1-6
Removed Pin From Net: NetName=GPIO4 Pin=J1-7
Removed Pin From Net: NetName=EN Pin=J1-8
Removed Pin From Net: NetName=3V3 Pin=J1-9
Added Pin To Net: NetName=3V3 Pin=J1-1
Added Pin To Net: NetName=EN Pin=J1-2
Added Pin To Net: NetName=GPIO4 Pin=J1-3
Added Pin To Net: NetName=GPIO5 Pin=J1-4
Added Pin To Net: NetName=GPIO7 Pin=J1-6
Added Pin To Net: NetName=GPIO8 Pin=J1-7
Added Pin To Net: NetName=GPIO9 Pin=J1-8
Added Pin To Net: NetName=GND Pin=J1-9
Add Pin To Net: Unknown Pin: Pin Q1-B
Add Pin To Net: Unknown Pin: Pin Q1-C
Add Pin To Net: Unknown Pin: Pin Q1-E
Added Room: Name=Sheet1
