Removed Pin From Net: NetName=3V3 Pin=J1-1
Removed Pin From Net: NetName=EN Pin=J1-2
Removed Pin From Net: NetName=GPIO8 Pin=J1-7
Removed Pin From Net: NetName=GPIO9 Pin=J1-8
Removed Pin From Net: NetName=GND Pin=J1-9
Removed Pin From Net: NetName=U0TXD Pin=J2-7
Removed Pin From Net: NetName=U0RXD Pin=J2-8
Added Pin To Net: NetName=GND Pin=J1-1
Added Pin To Net: NetName=GPIO9 Pin=J1-2
Added Pin To Net: NetName=GPIO8 Pin=J1-3
Added Pin To Net: NetName=EN Pin=J1-8
Added Pin To Net: NetName=3V3 Pin=J1-9
Added Pin To Net: NetName=U0TXD Pin=J2-2
Added Pin To Net: NetName=U0RXD Pin=J2-3
Add Pin To Net: Unknown Pin: Pin Q1-B
Add Pin To Net: Unknown Pin: Pin Q1-C
Add Pin To Net: Unknown Pin: Pin Q1-E
Change Net Name : Old Net Name=NetJ1_5 New Net Name=GPIO6
Change Net Name : Old Net Name=NetJ2_5 New Net Name=GPIO19
Added Pin To Net: NetName=GPIO0 Pin=J2-9
Added Pin To Net: NetName=GPIO0 Pin=U1-18
Added Net: Name=GPIO0
Added Pin To Net: NetName=GPIO1 Pin=J2-8
Added Pin To Net: NetName=GPIO1 Pin=U1-17
Added Net: Name=GPIO1
Added Pin To Net: NetName=GPIO2 Pin=J2-7
Added Pin To Net: NetName=GPIO2 Pin=U1-16
Added Net: Name=GPIO2
Added Pin To Net: NetName=GPIO3 Pin=J2-6
Added Pin To Net: NetName=GPIO3 Pin=U1-15
Added Net: Name=GPIO3
Added Pin To Net: NetName=GPIO4 Pin=J1-7
Added Pin To Net: NetName=GPIO4 Pin=U1-3
Added Net: Name=GPIO4
Added Pin To Net: NetName=GPIO5 Pin=J1-6
Added Pin To Net: NetName=GPIO5 Pin=U1-4
Added Net: Name=GPIO5
Added Pin To Net: NetName=GPIO7 Pin=J1-4
Added Pin To Net: NetName=GPIO7 Pin=U1-6
Added Net: Name=GPIO7
Added Pin To Net: NetName=GPIO10 Pin=J2-1
Added Pin To Net: NetName=GPIO10 Pin=U1-10
Added Net: Name=GPIO10
Added Pin To Net: NetName=GPIO18 Pin=J2-4
Added Pin To Net: NetName=GPIO18 Pin=U1-13
Added Net: Name=GPIO18
Added Room: Name=Sheet1
